Collegiate Academy for Mathematics and Personal Awareness Charter School : 1962-84 Linden Blvd., Brooklyn, NY 11207
P.S. 958 : 836-841 5Th Avenue, Brooklyn, NY 11232
Nayema Universal Child Center : 1107-09 Newkirk Avenue, Brooklyn, NY 11230
Happy Scholars, Inc. : 2157336 New Utrecht Avenue, Brooklyn, NY 11214
All My Children Day Care And Nursery School : 3298 561 Utica Avenue, Brooklyn, NY 11203
P.S. 048 P.O. Michael J. Buczek : 4360-78 Broadway, Manhattan, NY 10033
Cpc-Tribeca Early Learning Center : 21 Saint Johns Lane, Manhattan, NY 10013
All My Children Day Care And Nursery School : 3296 620 Amsterdam Avenue, Manhattan, NY 10024
Channel View School for Research : 100-00 Beach Channel Drive, Queens, NY 11694
Rockaway Park High School for Environmental Sustainability : 100-00 Beach Channel Drive, Queens, NY 11694
Rockaway Collegiate High School : 100-00 Beach Channel Drive, Queens, NY 11694
New Visions Charter High School for the Humanities IV : 100-00 Beach Channel Drive, Queens, NY 11694
Imagine Early Learning Center : 1 Jamaica Center Plaza, Queens, NY 11432
P.S. 004 Maurice Wollin : 200 Nedra Lane, Staten Island, NY 10312
P.S. 057 Hubert H. Humphrey : 140 Palma Drive, Staten Island, NY 10304
P.S. 055 Benjamin Franklin : 450 Saint Paul'S Place, Bronx, NY 10456
Urban Dove Team Charter School III : 1010 Rev. J. A. Polite Avenue, Bronx, NY 10459
P.S. 204 Morris Heights : 1780 Dr. Martin Luther King Jr. Blvd, Bronx, NY 10453
Bronx Engineering and Technology Academy : 99 Terrace View Avenue, Bronx, NY 10463
I.S. 229 Roland Patterson : 275 Harlem River Park Bridge, Bronx, NY 10453
Metropolitan High School, The : 1180 Rev. J.A. Polite Ave., Bronx, NY 10459
The New American Academy at Roberto Clemente State Park : 275 Harlem River Park Bridge, Bronx, NY 10453
P.S. 277 : 519 St Anns Avenue, Bronx, NY 10455
Bronx School of Law and Finance : 99 Terrace View Avenue, Bronx, NY 10463
The Longwood Academy of Discovery : 888 Rev J A Polite Ave, Bronx, NY 10459
Leaders of Excellence, Advocacy and Discovery : 639 St Anns Avenue, Bronx, NY 10455
English Language Learners and International Support Preparatory Academy (ELLIS) : 99 Terrace View Avenue, Bronx, NY 10463
Bronx High School for the Visual Arts : 2040 Antin Pl, Bronx, NY 10462
Arturo A. Schomburg Satellite Academy Bronx : 1010 Rev. J. A. Polite Avenue, Bronx, NY 10459
Mott Haven Village Preparatory High School : 701 St. Anns Avenue, Bronx, NY 10455
Marble Hill High School for International Studies : 99 Terrace View Avenue, Bronx, NY 10463
Bronx Regional High School : 1010 Rev. J. A. Polite Avenue, Bronx, NY 10459
Success Academy Charter School - Bronx 2 : 450 Saint Paul'S Place, Bronx, NY 10456
University Heights Secondary School : 701 St. Anns Avenue, Bronx, NY 10455
New Visions Charter High School for Advanced Math and Science : 99 Terrace View Avenue, Bronx, NY 10463
Bronx Theatre High School : 99 Terrace View Avenue, Bronx, NY 10463
New Visions Charter High School for the Humanities : 99 Terrace View Avenue, Bronx, NY 10463
P.S. X643 : 639 St Anns Avenue, Bronx, NY 10455
